0 info it worked if it ends with ok
1 verbose cli [ '/home/shufisyahida/.nvm/v4.2.4/bin/node',
1 verbose cli   '/home/shufisyahida/.nvm/v4.2.4/bin/npm',
1 verbose cli   'i',
1 verbose cli   'webpack',
1 verbose cli   '--save-dev' ]
2 info using npm@2.14.12
3 info using node@v4.2.4
4 verbose install initial load of /home/shufisyahida/frontend-meetchange/package.json
5 verbose readDependencies loading dependencies from /home/shufisyahida/frontend-meetchange/package.json
6 silly cache add args [ 'webpack', null ]
7 verbose cache add spec webpack
8 silly cache add parsed spec Result {
8 silly cache add   raw: 'webpack',
8 silly cache add   scope: null,
8 silly cache add   name: 'webpack',
8 silly cache add   rawSpec: '',
8 silly cache add   spec: 'latest',
8 silly cache add   type: 'tag' }
9 silly addNamed webpack@latest
10 verbose addNamed "latest" is being treated as a dist-tag for webpack
11 info addNameTag [ 'webpack', 'latest' ]
12 silly mapToRegistry name webpack
13 silly mapToRegistry using default registry
14 silly mapToRegistry registry https://registry.npmjs.org/
15 silly mapToRegistry uri https://registry.npmjs.org/webpack
16 verbose addNameTag registry:https://registry.npmjs.org/webpack not in flight; fetching
17 verbose request uri https://registry.npmjs.org/webpack
18 verbose request no auth needed
19 info attempt registry request try #1 at 6:46:16 PM
20 verbose request id 97c8799dc0d49dd2
21 http request GET https://registry.npmjs.org/webpack
22 info retry will retry, error on last attempt: Error: tunneling socket could not be established, cause=write EPROTO
23 info attempt registry request try #2 at 6:46:26 PM
24 http request GET https://registry.npmjs.org/webpack
25 info retry will retry, error on last attempt: Error: tunneling socket could not be established, cause=write EPROTO
26 info attempt registry request try #3 at 6:47:26 PM
27 http request GET https://registry.npmjs.org/webpack
28 verbose stack Error: tunneling socket could not be established, cause=write EPROTO
28 verbose stack     at ClientRequest.onError (/home/shufisyahida/.nvm/v4.2.4/lib/node_modules/npm/node_modules/request/node_modules/tunnel-agent/index.js:174:17)
28 verbose stack     at ClientRequest.g (events.js:260:16)
28 verbose stack     at emitOne (events.js:77:13)
28 verbose stack     at ClientRequest.emit (events.js:169:7)
28 verbose stack     at TLSSocket.socketErrorListener (_http_client.js:259:9)
28 verbose stack     at emitOne (events.js:77:13)
28 verbose stack     at TLSSocket.emit (events.js:169:7)
28 verbose stack     at onwriteError (_stream_writable.js:304:10)
28 verbose stack     at onwrite (_stream_writable.js:322:5)
28 verbose stack     at WritableState.onwrite (_stream_writable.js:89:5)
29 verbose cwd /home/shufisyahida/frontend-meetchange
30 error Linux 3.19.0-32-generic
31 error argv "/home/shufisyahida/.nvm/v4.2.4/bin/node" "/home/shufisyahida/.nvm/v4.2.4/bin/npm" "i" "webpack" "--save-dev"
32 error node v4.2.4
33 error npm  v2.14.12
34 error code ECONNRESET
35 error network tunneling socket could not be established, cause=write EPROTO
35 error network This is most likely not a problem with npm itself
35 error network and is related to network connectivity.
35 error network In most cases you are behind a proxy or have bad network settings.
35 error network
35 error network If you are behind a proxy, please make sure that the
35 error network 'proxy' config is set properly.  See: 'npm help config'
36 verbose exit [ 1, true ]
